Using pre-set license
Built from '2022.3/staging' branch; Version is '2022.3.9f1 (ea401c316338) revision 15351836'; Using compiler version '192829333'; Build Type 'Release'
OS: 'Windows 11  (10.0.22621) 64bit ProfessionalWorkstation' Language: 'ko' Physical Memory: 65263 MB
BatchMode: 1, IsHumanControllingUs: 0, StartBugReporterOnCrash: 0, Is64bit: 1, IsPro: 1

COMMAND LINE ARGUMENTS:
C:\Program Files\Unity\Hub\Editor\2022.3.9f1\Editor\Unity.exe
-adb2
-batchMode
-noUpm
-name
AssetImportWorker0
-projectPath
C:/Unity/AR Setting
-logFile
Logs/AssetImportWorker0.log
-srvPort
53879
Successfully changed project path to: C:/Unity/AR Setting
C:/Unity/AR Setting
[UnityMemory] Configuration Parameters - Can be set up in boot.config
    "memorysetup-bucket-allocator-granularity=16"
    "memorysetup-bucket-allocator-bucket-count=8"
    "memorysetup-bucket-allocator-block-size=33554432"
    "memorysetup-bucket-allocator-block-count=8"
    "memorysetup-main-allocator-block-size=16777216"
    "memorysetup-thread-allocator-block-size=16777216"
    "memorysetup-gfx-main-allocator-block-size=16777216"
    "memorysetup-gfx-thread-allocator-block-size=16777216"
    "memorysetup-cache-allocator-block-size=4194304"
    "memorysetup-typetree-allocator-block-size=2097152"
    "memorysetup-profiler-bucket-allocator-granularity=16"
    "memorysetup-profiler-bucket-allocator-bucket-count=8"
    "memorysetup-profiler-bucket-allocator-block-size=33554432"
    "memorysetup-profiler-bucket-allocator-block-count=8"
    "memorysetup-profiler-allocator-block-size=16777216"
    "memorysetup-profiler-editor-allocator-block-size=1048576"
    "memorysetup-temp-allocator-size-main=16777216"
    "memorysetup-job-temp-allocator-block-size=2097152"
    "memorysetup-job-temp-allocator-block-size-background=1048576"
    "memorysetup-job-temp-allocator-reduction-small-platforms=262144"
    "memorysetup-allocator-temp-initial-block-size-main=262144"
    "memorysetup-allocator-temp-initial-block-size-worker=262144"
    "memorysetup-temp-allocator-size-background-worker=32768"
    "memorysetup-temp-allocator-size-job-worker=262144"
    "memorysetup-temp-allocator-size-preload-manager=33554432"
    "memorysetup-temp-allocator-size-nav-mesh-worker=65536"
    "memorysetup-temp-allocator-size-audio-worker=65536"
    "memorysetup-temp-allocator-size-cloud-worker=32768"
    "memorysetup-temp-allocator-size-gi-baking-worker=262144"
    "memorysetup-temp-allocator-size-gfx=262144"
Player connection [28284] Host "[IP] 192.168.21.127 [Port] 0 [Flags] 2 [Guid] 256024885 [EditorId] 256024885 [Version] 1048832 [Id] WindowsEditor(7,NCA-23) [Debug] 1 [PackageName] WindowsEditor [ProjectName] Editor" joined multi-casting on [225.0.0.222:54997]...

Player connection [28284] Host "[IP] 192.168.21.127 [Port] 0 [Flags] 2 [Guid] 256024885 [EditorId] 256024885 [Version] 1048832 [Id] WindowsEditor(7,NCA-23) [Debug] 1 [PackageName] WindowsEditor [ProjectName] Editor" joined alternative multi-casting on [225.0.0.222:34997]...

[Physics::Module] Initialized MultithreadedJobDispatcher with 15 workers.
Refreshing native plugins compatible for Editor in 5.93 ms, found 3 plugins.
Preloading 0 native plugins for Editor in 0.00 ms.
Initialize engine version: 2022.3.9f1 (ea401c316338)
[Subsystems] Discovering subsystems at path C:/Program Files/Unity/Hub/Editor/2022.3.9f1/Editor/Data/Resources/UnitySubsystems
[Subsystems] Discovering subsystems at path C:/Unity/AR Setting/Assets
GfxDevice: creating device client; threaded=0; jobified=0
Direct3D:
    Version:  Direct3D 11.0 [level 11.1]
    Renderer: NVIDIA RTX A5000 (ID=0x2231)
    Vendor:   NVIDIA
    VRAM:     24250 MB
    Driver:   31.0.15.2748
Initialize mono
Mono path[0] = 'C:/Program Files/Unity/Hub/Editor/2022.3.9f1/Editor/Data/Managed'
Mono path[1] = 'C:/Program Files/Unity/Hub/Editor/2022.3.9f1/Editor/Data/MonoBleedingEdge/lib/mono/unityjit-win32'
Mono config path = 'C:/Program Files/Unity/Hub/Editor/2022.3.9f1/Editor/Data/MonoBleedingEdge/etc'
Using monoOptions --debugger-agent=transport=dt_socket,embedding=1,server=y,suspend=n,address=127.0.0.1:56800
Begin MonoManager ReloadAssembly
Registering precompiled unity dll's ...
Register platform support module: C:/Program Files/Unity/Hub/Editor/2022.3.9f1/Editor/Data/PlaybackEngines/WebGLSupport/UnityEditor.WebGL.Extensions.dll
Register platform support module: C:/Program Files/Unity/Hub/Editor/2022.3.9f1/Editor/Data/PlaybackEngines/AndroidPlayer/UnityEditor.Android.Extensions.dll
Register platform support module: C:/Program Files/Unity/Hub/Editor/2022.3.9f1/Editor/Data/PlaybackEngines/WindowsStandaloneSupport/UnityEditor.WindowsStandalone.Extensions.dll
Registered in 0.007413 seconds.
- Loaded All Assemblies, in  0.408 seconds
Native extension for WindowsStandalone target not found
Native extension for Android target not found
Android Extension - Scanning For ADB Devices 322 ms
Native extension for WebGL target not found
Mono: successfully reloaded assembly
- Finished resetting the current domain, in  0.676 seconds
Domain Reload Profiling: 1083ms
	BeginReloadAssembly (116ms)
		ExecutionOrderSort (0ms)
		DisableScriptedObjects (0ms)
		BackupInstance (0ms)
		ReleaseScriptingObjects (0ms)
		CreateAndSetChildDomain (1ms)
	RebuildCommonClasses (37ms)
	RebuildNativeTypeToScriptingClass (10ms)
	initialDomainReloadingComplete (72ms)
	LoadAllAssembliesAndSetupDomain (171ms)
		LoadAssemblies (115ms)
		RebuildTransferFunctionScriptingTraits (0ms)
		AnalyzeDomain (169ms)
			TypeCache.Refresh (168ms)
				TypeCache.ScanAssembly (142ms)
			ScanForSourceGeneratedMonoScriptInfo (0ms)
			ResolveRequiredComponents (0ms)
	FinalizeReload (676ms)
		ReleaseScriptCaches (0ms)
		RebuildScriptCaches (0ms)
		SetupLoadedEditorAssemblies (605ms)
			LogAssemblyErrors (0ms)
			InitializePlatformSupportModulesInManaged (437ms)
			SetLoadedEditorAssemblies (3ms)
			RefreshPlugins (0ms)
			BeforeProcessingInitializeOnLoad (2ms)
			ProcessInitializeOnLoadAttributes (116ms)
			ProcessInitializeOnLoadMethodAttributes (47ms)
			AfterProcessingInitializeOnLoad (0ms)
			EditorAssembliesLoaded (0ms)
		ExecutionOrderSort2 (0ms)
		AwakeInstancesAfterBackupRestoration (0ms)
========================================================================
Worker process is ready to serve import requests
Begin MonoManager ReloadAssembly
- Loaded All Assemblies, in  0.639 seconds
Refreshing native plugins compatible for Editor in 2.34 ms, found 3 plugins.
Native extension for WindowsStandalone target not found
Native extension for Android target not found
Native extension for WebGL target not found
Package Manager log level set to [2]
[Package Manager] Server::EnsureServerProcessIsRunning -- launch failed, reason: Unity was launched with the -noUpm command-line argument
[Package Manager] UpmClient::Send -- Unable to send message (not connected to UPM process).
[Package Manager] Cannot connect to Unity Package Manager local server
Mono: successfully reloaded assembly
- Finished resetting the current domain, in  0.800 seconds
Domain Reload Profiling: 1438ms
	BeginReloadAssembly (150ms)
		ExecutionOrderSort (0ms)
		DisableScriptedObjects (10ms)
		BackupInstance (0ms)
		ReleaseScriptingObjects (0ms)
		CreateAndSetChildDomain (35ms)
	RebuildCommonClasses (30ms)
	RebuildNativeTypeToScriptingClass (10ms)
	initialDomainReloadingComplete (39ms)
	LoadAllAssembliesAndSetupDomain (408ms)
		LoadAssemblies (292ms)
		RebuildTransferFunctionScriptingTraits (0ms)
		AnalyzeDomain (189ms)
			TypeCache.Refresh (162ms)
				TypeCache.ScanAssembly (146ms)
			ScanForSourceGeneratedMonoScriptInfo (14ms)
			ResolveRequiredComponents (10ms)
	FinalizeReload (800ms)
		ReleaseScriptCaches (0ms)
		RebuildScriptCaches (0ms)
		SetupLoadedEditorAssemblies (612ms)
			LogAssemblyErrors (0ms)
			InitializePlatformSupportModulesInManaged (21ms)
			SetLoadedEditorAssemblies (5ms)
			RefreshPlugins (0ms)
			BeforeProcessingInitializeOnLoad (61ms)
			ProcessInitializeOnLoadAttributes (500ms)
			ProcessInitializeOnLoadMethodAttributes (21ms)
			AfterProcessingInitializeOnLoad (5ms)
			EditorAssembliesLoaded (0ms)
		ExecutionOrderSort2 (0ms)
		AwakeInstancesAfterBackupRestoration (6ms)
Launched and connected shader compiler UnityShaderCompiler.exe after 0.05 seconds
Refreshing native plugins compatible for Editor in 3.51 ms, found 3 plugins.
Preloading 0 native plugins for Editor in 0.00 ms.
Unloading 3085 Unused Serialized files (Serialized files now loaded: 0)
Unloading 35 unused Assets / (78.9 KB). Loaded Objects now: 3546.
Memory consumption went from 125.8 MB to 125.7 MB.
Total: 3.827100 ms (FindLiveObjects: 0.297100 ms CreateObjectMapping: 0.187300 ms MarkObjects: 3.216100 ms  DeleteObjects: 0.125400 ms)

AssetImportParameters requested are different than current active one (requested -> active):
  custom:container-demuxer-ogg: 62fdf1f143b41e24485cea50d1cbac27 -> 
  custom:video-codec-MediaFoundation-h265: 746d11721c4dcdbdad8f713fa42b33f4 -> 
  custom:video-decoder-ogg-theora: a1e56fd34408186e4bbccfd4996cb3dc -> 
  custom:framework-win-MediaFoundation: 216162199b28c13a410421893ffa2e32 -> 
  custom:CustomObjectIndexerAttribute: 756ad292c208cfabdd7b50bc23989ffe -> 
  custom:container-demuxer-webm: 4f35f7cbe854078d1ac9338744f61a02 -> 
  custom:container-muxer-webm: aa71ff27fc2769a1b78a27578f13a17b -> 
  custom:video-decoder-webm-vp8: 9c59270c3fd7afecdb556c50c9e8de78 -> 
  custom:SearchIndexIgnoredProperties: e643bd26f0fe6173181afceb89e7c659 -> 
  custom:AudioImporter_EditorPlatform: d09bf68614088b80899f8185d706f6e7 -> 
  custom:video-encoder-webm-vp8: eb34c28f22e8b96e1ab97ce403110664 -> 
  custom:audio-decoder-ogg-vorbis: bf7c407c2cedff20999df2af8eb42d56 -> 
  custom:audio-encoder-webm-vorbis: bf7c407c2cedff20999df2af8eb42d56 -> 
========================================================================
Received Import Request.
  Time since last request: 361958.923660 seconds.
  path: Assets/Imagine
  artifactKey: Guid(d898a1cd030c14c89acc8fd3d086ac40) Importer(815301076,1909f56bfc062723c751e8b465ee728b)
Start importing Assets/Imagine using Guid(d898a1cd030c14c89acc8fd3d086ac40) Importer(815301076,1909f56bfc062723c751e8b465ee728b)  -> (artifact id: '16954db86b2ecc94d4c8db191bc16d94') in 0.004140 seconds
Number of updated asset objects reloaded before import = 0
Number of asset objects unloaded after import = 0
========================================================================
Received Import Request.
  Time since last request: 37.736390 seconds.
  path: Assets/Imagine/ImageTracker/Imagetargets/Prefabs/corals.prefab
  artifactKey: Guid(c3442c4e2843442b7acf5689c0bd6071) Importer(815301076,1909f56bfc062723c751e8b465ee728b)
Start importing Assets/Imagine/ImageTracker/Imagetargets/Prefabs/corals.prefab using Guid(c3442c4e2843442b7acf5689c0bd6071) Importer(815301076,1909f56bfc062723c751e8b465ee728b)  -> (artifact id: '0de0a122866360359a44ccd3be702772') in 0.154295 seconds
Number of updated asset objects reloaded before import = 0
Number of asset objects unloaded after import = 9
========================================================================
Received Prepare
Refreshing native plugins compatible for Editor in 2.48 ms, found 3 plugins.
Preloading 0 native plugins for Editor in 0.00 ms.
Unloading 1 Unused Serialized files (Serialized files now loaded: 0)
Unloading 2 unused Assets / (21.9 KB). Loaded Objects now: 3555.
Memory consumption went from 75.8 MB to 75.8 MB.
Total: 9.256800 ms (FindLiveObjects: 0.526100 ms CreateObjectMapping: 0.379900 ms MarkObjects: 8.261400 ms  DeleteObjects: 0.087000 ms)

Prepare: number of updated asset objects reloaded= 0
AssetImportParameters requested are different than current active one (requested -> active):
  custom:container-demuxer-ogg: 62fdf1f143b41e24485cea50d1cbac27 -> 
  custom:video-codec-MediaFoundation-h265: 746d11721c4dcdbdad8f713fa42b33f4 -> 
  custom:video-decoder-ogg-theora: a1e56fd34408186e4bbccfd4996cb3dc -> 
  custom:framework-win-MediaFoundation: 216162199b28c13a410421893ffa2e32 -> 
  custom:CustomObjectIndexerAttribute: 756ad292c208cfabdd7b50bc23989ffe -> 
  custom:container-demuxer-webm: 4f35f7cbe854078d1ac9338744f61a02 -> 
  custom:container-muxer-webm: aa71ff27fc2769a1b78a27578f13a17b -> 
  custom:video-decoder-webm-vp8: 9c59270c3fd7afecdb556c50c9e8de78 -> 
  custom:SearchIndexIgnoredProperties: e643bd26f0fe6173181afceb89e7c659 -> 
  custom:AudioImporter_EditorPlatform: d09bf68614088b80899f8185d706f6e7 -> 
  custom:video-encoder-webm-vp8: eb34c28f22e8b96e1ab97ce403110664 -> 
  custom:audio-decoder-ogg-vorbis: bf7c407c2cedff20999df2af8eb42d56 -> 
  custom:audio-encoder-webm-vorbis: bf7c407c2cedff20999df2af8eb42d56 -> 
========================================================================
Received Prepare
Refreshing native plugins compatible for Editor in 2.59 ms, found 3 plugins.
Preloading 0 native plugins for Editor in 0.00 ms.
Unloading 2 Unused Serialized files (Serialized files now loaded: 0)
Unloading 2 unused Assets / (24.1 KB). Loaded Objects now: 3555.
Memory consumption went from 76.1 MB to 76.1 MB.
Total: 8.776200 ms (FindLiveObjects: 0.290700 ms CreateObjectMapping: 0.170600 ms MarkObjects: 8.245500 ms  DeleteObjects: 0.067700 ms)

Prepare: number of updated asset objects reloaded= 0
AssetImportParameters requested are different than current active one (requested -> active):
  custom:container-demuxer-ogg: 62fdf1f143b41e24485cea50d1cbac27 -> 
  custom:video-codec-MediaFoundation-h265: 746d11721c4dcdbdad8f713fa42b33f4 -> 
  custom:video-decoder-ogg-theora: a1e56fd34408186e4bbccfd4996cb3dc -> 
  custom:framework-win-MediaFoundation: 216162199b28c13a410421893ffa2e32 -> 
  custom:CustomObjectIndexerAttribute: 756ad292c208cfabdd7b50bc23989ffe -> 
  custom:container-demuxer-webm: 4f35f7cbe854078d1ac9338744f61a02 -> 
  custom:container-muxer-webm: aa71ff27fc2769a1b78a27578f13a17b -> 
  custom:video-decoder-webm-vp8: 9c59270c3fd7afecdb556c50c9e8de78 -> 
  custom:SearchIndexIgnoredProperties: e643bd26f0fe6173181afceb89e7c659 -> 
  custom:AudioImporter_EditorPlatform: d09bf68614088b80899f8185d706f6e7 -> 
  custom:video-encoder-webm-vp8: eb34c28f22e8b96e1ab97ce403110664 -> 
  custom:audio-decoder-ogg-vorbis: bf7c407c2cedff20999df2af8eb42d56 -> 
  custom:audio-encoder-webm-vorbis: bf7c407c2cedff20999df2af8eb42d56 -> 
========================================================================
Received Prepare
Begin MonoManager ReloadAssembly
- Loaded All Assemblies, in  0.599 seconds
Refreshing native plugins compatible for Editor in 2.31 ms, found 3 plugins.
Native extension for WindowsStandalone target not found
Native extension for Android target not found
Native extension for WebGL target not found
[Package Manager] Server::EnsureServerProcessIsRunning -- launch failed, reason: Unity was launched with the -noUpm command-line argument
[Package Manager] UpmClient::Send -- Unable to send message (not connected to UPM process).
[Package Manager] Cannot connect to Unity Package Manager local server
Mono: successfully reloaded assembly
- Finished resetting the current domain, in  0.984 seconds
Domain Reload Profiling: 1580ms
	BeginReloadAssembly (215ms)
		ExecutionOrderSort (0ms)
		DisableScriptedObjects (13ms)
		BackupInstance (0ms)
		ReleaseScriptingObjects (0ms)
		CreateAndSetChildDomain (65ms)
	RebuildCommonClasses (30ms)
	RebuildNativeTypeToScriptingClass (10ms)
	initialDomainReloadingComplete (25ms)
	LoadAllAssembliesAndSetupDomain (315ms)
		LoadAssemblies (286ms)
		RebuildTransferFunctionScriptingTraits (0ms)
		AnalyzeDomain (117ms)
			TypeCache.Refresh (93ms)
				TypeCache.ScanAssembly (84ms)
			ScanForSourceGeneratedMonoScriptInfo (19ms)
			ResolveRequiredComponents (4ms)
	FinalizeReload (985ms)
		ReleaseScriptCaches (0ms)
		RebuildScriptCaches (0ms)
		SetupLoadedEditorAssemblies (641ms)
			LogAssemblyErrors (0ms)
			InitializePlatformSupportModulesInManaged (21ms)
			SetLoadedEditorAssemblies (7ms)
			RefreshPlugins (0ms)
			BeforeProcessingInitializeOnLoad (85ms)
			ProcessInitializeOnLoadAttributes (503ms)
			ProcessInitializeOnLoadMethodAttributes (20ms)
			AfterProcessingInitializeOnLoad (5ms)
			EditorAssembliesLoaded (0ms)
		ExecutionOrderSort2 (0ms)
		AwakeInstancesAfterBackupRestoration (6ms)
Refreshing native plugins compatible for Editor in 2.60 ms, found 3 plugins.
Preloading 0 native plugins for Editor in 0.00 ms.
Unloading 3075 Unused Serialized files (Serialized files now loaded: 0)
Unloading 26 unused Assets / (51.1 KB). Loaded Objects now: 3557.
Memory consumption went from 123.8 MB to 123.7 MB.
Total: 8.930300 ms (FindLiveObjects: 0.530200 ms CreateObjectMapping: 0.536200 ms MarkObjects: 7.751600 ms  DeleteObjects: 0.110300 ms)

Prepare: number of updated asset objects reloaded= 0
AssetImportParameters requested are different than current active one (requested -> active):
  custom:container-demuxer-ogg: 62fdf1f143b41e24485cea50d1cbac27 -> 
  custom:video-codec-MediaFoundation-h265: 746d11721c4dcdbdad8f713fa42b33f4 -> 
  custom:video-decoder-ogg-theora: a1e56fd34408186e4bbccfd4996cb3dc -> 
  custom:framework-win-MediaFoundation: 216162199b28c13a410421893ffa2e32 -> 
  custom:CustomObjectIndexerAttribute: 756ad292c208cfabdd7b50bc23989ffe -> 
  custom:container-demuxer-webm: 4f35f7cbe854078d1ac9338744f61a02 -> 
  custom:container-muxer-webm: aa71ff27fc2769a1b78a27578f13a17b -> 
  custom:video-decoder-webm-vp8: 9c59270c3fd7afecdb556c50c9e8de78 -> 
  custom:SearchIndexIgnoredProperties: e643bd26f0fe6173181afceb89e7c659 -> 
  custom:AudioImporter_EditorPlatform: d09bf68614088b80899f8185d706f6e7 -> 
  custom:video-encoder-webm-vp8: eb34c28f22e8b96e1ab97ce403110664 -> 
  custom:audio-decoder-ogg-vorbis: bf7c407c2cedff20999df2af8eb42d56 -> 
  custom:audio-encoder-webm-vorbis: bf7c407c2cedff20999df2af8eb42d56 -> 
========================================================================
Received Import Request.
  Time since last request: 97.371186 seconds.
  path: Assets/Imagine/Third-Party Notices.txt
  artifactKey: Guid(169046ab97bc14b3eb67dd27e3d59e3b) Importer(2089858483,0ecaa5967403d082aa24f35e1b516d23)
Start importing Assets/Imagine/Third-Party Notices.txt using Guid(169046ab97bc14b3eb67dd27e3d59e3b) Importer(2089858483,0ecaa5967403d082aa24f35e1b516d23) Generated GUIDs only implemented for interfaces!
 -> (artifact id: '72c8ff5ddeee03ea83790577a18f79fc') in 0.100493 seconds
Number of updated asset objects reloaded before import = 0
Number of asset objects unloaded after import = 1
========================================================================
Received Import Request.
  Time since last request: 0.000020 seconds.
  path: Assets/WebGLTemplates/iTracker Free/thumbnail.png
  artifactKey: Guid(676fdddada9ba417386590dcf9a3189b) Importer(2089858483,0ecaa5967403d082aa24f35e1b516d23)
Start importing Assets/WebGLTemplates/iTracker Free/thumbnail.png using Guid(676fdddada9ba417386590dcf9a3189b) Importer(2089858483,0ecaa5967403d082aa24f35e1b516d23) Generated GUIDs only implemented for interfaces!
 -> (artifact id: 'd7d2c2d6106b86f9b966c7f4d5728251') in 0.011437 seconds
Number of updated asset objects reloaded before import = 0
Number of asset objects unloaded after import = 1
========================================================================
Received Import Request.
  Time since last request: 0.000068 seconds.
  path: Assets/Imagine/ImageTracker/Demos/Scenes/Demo-3DAnim.unity
  artifactKey: Guid(6cc2b173b9af34cd7978053738087cde) Importer(2089858483,0ecaa5967403d082aa24f35e1b516d23)
Start importing Assets/Imagine/ImageTracker/Demos/Scenes/Demo-3DAnim.unity using Guid(6cc2b173b9af34cd7978053738087cde) Importer(2089858483,0ecaa5967403d082aa24f35e1b516d23) Generated GUIDs only implemented for interfaces!
 -> (artifact id: '9daa3430f6ebcd964e67ad8fcabd408e') in 0.007988 seconds
Number of updated asset objects reloaded before import = 0
Number of asset objects unloaded after import = 1
========================================================================
Received Import Request.
  Time since last request: 0.000046 seconds.
  path: Assets/Imagine/ImageTracker/Demos/Models/bfly_idle.fbx
  artifactKey: Guid(d61d1a038a9d041a3ab76328c8409754) Importer(2089858483,0ecaa5967403d082aa24f35e1b516d23)
Start importing Assets/Imagine/ImageTracker/Demos/Models/bfly_idle.fbx using Guid(d61d1a038a9d041a3ab76328c8409754) Importer(2089858483,0ecaa5967403d082aa24f35e1b516d23) Generated GUIDs only implemented for interfaces!
 -> (artifact id: 'ff5e53f1cfce01afd4f8853b3edd1b70') in 0.104238 seconds
Number of updated asset objects reloaded before import = 0
Number of asset objects unloaded after import = 29
========================================================================
Received Import Request.
  Time since last request: 0.000016 seconds.
  path: Assets/Imagine/ImageTracker/Prefabs/TrackerCamera.prefab
  artifactKey: Guid(5f21b7ee9fddb4e6797b3929bfabbe2a) Importer(2089858483,0ecaa5967403d082aa24f35e1b516d23)
Start importing Assets/Imagine/ImageTracker/Prefabs/TrackerCamera.prefab using Guid(5f21b7ee9fddb4e6797b3929bfabbe2a) Importer(2089858483,0ecaa5967403d082aa24f35e1b516d23) Generated GUIDs only implemented for interfaces!
 -> (artifact id: '056ac77fc5df0ab39f67cd4f3b7e64e1') in 0.023836 seconds
Number of updated asset objects reloaded before import = 0
Number of asset objects unloaded after import = 7
========================================================================
Received Import Request.
  Time since last request: 0.000032 seconds.
  path: Assets/WebGLTemplates/iTracker Free/TemplateData/unity-logo-light.png
  artifactKey: Guid(6ecee16da86dd4c8f84a79d3e011ed52) Importer(2089858483,0ecaa5967403d082aa24f35e1b516d23)
Start importing Assets/WebGLTemplates/iTracker Free/TemplateData/unity-logo-light.png using Guid(6ecee16da86dd4c8f84a79d3e011ed52) Importer(2089858483,0ecaa5967403d082aa24f35e1b516d23) Generated GUIDs only implemented for interfaces!
 -> (artifact id: 'cc95a025901f3eb75e7e97a821f51c53') in 0.009759 seconds
Number of updated asset objects reloaded before import = 0
Number of asset objects unloaded after import = 1
========================================================================
Received Import Request.
  Time since last request: 0.000058 seconds.
  path: Assets/WebGLTemplates/iTracker Free/targets/corals.dat
  artifactKey: Guid(b584e72f215f54867aa7b9c8c98aaa54) Importer(2089858483,0ecaa5967403d082aa24f35e1b516d23)
Start importing Assets/WebGLTemplates/iTracker Free/targets/corals.dat using Guid(b584e72f215f54867aa7b9c8c98aaa54) Importer(2089858483,0ecaa5967403d082aa24f35e1b516d23) Generated GUIDs only implemented for interfaces!
 -> (artifact id: 'ce55642278558750c5f21351deb3e212') in 0.007386 seconds
Number of updated asset objects reloaded before import = 0
Number of asset objects unloaded after import = 1
========================================================================
Received Import Request.
  Time since last request: 0.000019 seconds.
  path: Assets/Imagine/ImageTracker/Imagetargets/Materials/leaves Material.mat
  artifactKey: Guid(e8f599ec18a1c4d198629a1fdd5500ec) Importer(2089858483,0ecaa5967403d082aa24f35e1b516d23)
Start importing Assets/Imagine/ImageTracker/Imagetargets/Materials/leaves Material.mat using Guid(e8f599ec18a1c4d198629a1fdd5500ec) Importer(2089858483,0ecaa5967403d082aa24f35e1b516d23) Generated GUIDs only implemented for interfaces!
 -> (artifact id: '8846cb1d65f653eaf376fadab12ec651') in 0.011284 seconds
Number of updated asset objects reloaded before import = 0
Number of asset objects unloaded after import = 2
========================================================================
Received Import Request.
  Time since last request: 0.000016 seconds.
  path: Assets/WebGLTemplates/iTracker Free/TemplateData/progress-bar-full-light.png
  artifactKey: Guid(a22988f2046f546c6b09c268045f30f6) Importer(2089858483,0ecaa5967403d082aa24f35e1b516d23)
Start importing Assets/WebGLTemplates/iTracker Free/TemplateData/progress-bar-full-light.png using Guid(a22988f2046f546c6b09c268045f30f6) Importer(2089858483,0ecaa5967403d082aa24f35e1b516d23) Generated GUIDs only implemented for interfaces!
 -> (artifact id: '17df67c72c5c851ca197df8b133635af') in 0.008123 seconds
Number of updated asset objects reloaded before import = 0
Number of asset objects unloaded after import = 1
========================================================================
Received Import Request.
  Time since last request: 0.000018 seconds.
  path: Assets/Imagine/ImageTracker/Imagetargets/Meshes/genericMesh.asset
  artifactKey: Guid(bef7e12f582b346e9878a98f5a723ada) Importer(2089858483,0ecaa5967403d082aa24f35e1b516d23)
Start importing Assets/Imagine/ImageTracker/Imagetargets/Meshes/genericMesh.asset using Guid(bef7e12f582b346e9878a98f5a723ada) Importer(2089858483,0ecaa5967403d082aa24f35e1b516d23) Generated GUIDs only implemented for interfaces!
 -> (artifact id: 'dbab37abbe89a750318499a93cbf0c97') in 0.007085 seconds
Number of updated asset objects reloaded before import = 0
Number of asset objects unloaded after import = 1
========================================================================
Received Import Request.
  Time since last request: 0.000018 seconds.
  path: Assets/Imagine/ImageTracker/Imagetargets/Textures/leaves.png
  artifactKey: Guid(7f63cdd2e544f4a81a44f1b9c38dbbfe) Importer(2089858483,0ecaa5967403d082aa24f35e1b516d23)
Start importing Assets/Imagine/ImageTracker/Imagetargets/Textures/leaves.png using Guid(7f63cdd2e544f4a81a44f1b9c38dbbfe) Importer(2089858483,0ecaa5967403d082aa24f35e1b516d23) Generated GUIDs only implemented for interfaces!
 -> (artifact id: '9c6136d706a161fabc29e11863f3c60c') in 0.051760 seconds
Number of updated asset objects reloaded before import = 0
Number of asset objects unloaded after import = 3
========================================================================
Received Import Request.
  Time since last request: 0.000024 seconds.
  path: Assets/Imagine/ImageTracker/Imagetargets/Materials/corals Material.mat
  artifactKey: Guid(1197472a9b15e4e359f950faa2da150f) Importer(2089858483,0ecaa5967403d082aa24f35e1b516d23)
Start importing Assets/Imagine/ImageTracker/Imagetargets/Materials/corals Material.mat using Guid(1197472a9b15e4e359f950faa2da150f) Importer(2089858483,0ecaa5967403d082aa24f35e1b516d23) Generated GUIDs only implemented for interfaces!
 -> (artifact id: 'ab3d1315f09d444affb2a2aa82bf73f0') in 0.015539 seconds
Number of updated asset objects reloaded before import = 0
Number of asset objects unloaded after import = 2
========================================================================
Received Import Request.
  Time since last request: 0.000027 seconds.
  path: Assets/Imagine/ImageTracker/Plugins/TransparentBackground.jslib
  artifactKey: Guid(18a87c90d44d87448ace2897350b5184) Importer(2089858483,0ecaa5967403d082aa24f35e1b516d23)
Start importing Assets/Imagine/ImageTracker/Plugins/TransparentBackground.jslib using Guid(18a87c90d44d87448ace2897350b5184) Importer(2089858483,0ecaa5967403d082aa24f35e1b516d23) Generated GUIDs only implemented for interfaces!
 -> (artifact id: '141118f073344d29fb3f8625cd3f6452') in 0.010031 seconds
Number of updated asset objects reloaded before import = 0
Number of asset objects unloaded after import = 1
========================================================================
Received Import Request.
  Time since last request: 0.000021 seconds.
  path: Assets/WebGLTemplates/iTracker Free/TemplateData/progress-bar-empty-dark.png
  artifactKey: Guid(a83ab721d4c02406091aa59206ce5dd8) Importer(2089858483,0ecaa5967403d082aa24f35e1b516d23)
Start importing Assets/WebGLTemplates/iTracker Free/TemplateData/progress-bar-empty-dark.png using Guid(a83ab721d4c02406091aa59206ce5dd8) Importer(2089858483,0ecaa5967403d082aa24f35e1b516d23) Generated GUIDs only implemented for interfaces!
 -> (artifact id: '45257ae71ab45fd96538547b8b2131d5') in 0.007981 seconds
Number of updated asset objects reloaded before import = 0
Number of asset objects unloaded after import = 1
========================================================================
Received Import Request.
  Time since last request: 0.000059 seconds.
  path: Assets/Imagine/ImageTracker/Demos/Textures/Joel201.png
  artifactKey: Guid(78791a140f87f4b909be7fbee85b4642) Importer(2089858483,0ecaa5967403d082aa24f35e1b516d23)
Start importing Assets/Imagine/ImageTracker/Demos/Textures/Joel201.png using Guid(78791a140f87f4b909be7fbee85b4642) Importer(2089858483,0ecaa5967403d082aa24f35e1b516d23) Generated GUIDs only implemented for interfaces!
 -> (artifact id: '878874ca5bc6a22fa4cf4e3b6a304fd6') in 0.036559 seconds
Number of updated asset objects reloaded before import = 0
Number of asset objects unloaded after import = 1
========================================================================
Received Import Request.
  Time since last request: 0.000041 seconds.
  path: Assets/WebGLTemplates/iTracker Free/TemplateData/progress-bar-empty-light.png
  artifactKey: Guid(c0353f78664504cf3a80860d171f23f5) Importer(2089858483,0ecaa5967403d082aa24f35e1b516d23)
Start importing Assets/WebGLTemplates/iTracker Free/TemplateData/progress-bar-empty-light.png using Guid(c0353f78664504cf3a80860d171f23f5) Importer(2089858483,0ecaa5967403d082aa24f35e1b516d23) Generated GUIDs only implemented for interfaces!
 -> (artifact id: 'cbbe8051d60ec9594bceddcbbc38ec9d') in 0.007920 seconds
Number of updated asset objects reloaded before import = 0
Number of asset objects unloaded after import = 1
========================================================================
Received Import Request.
  Time since last request: 0.000080 seconds.
  path: Assets/Imagine/ImageTracker/Scripts/ImageTracker.cs
  artifactKey: Guid(4ed093621d8d342e9b74c757be4c323b) Importer(2089858483,0ecaa5967403d082aa24f35e1b516d23)
Start importing Assets/Imagine/ImageTracker/Scripts/ImageTracker.cs using Guid(4ed093621d8d342e9b74c757be4c323b) Importer(2089858483,0ecaa5967403d082aa24f35e1b516d23) Generated GUIDs only implemented for interfaces!
 -> (artifact id: '14d8693533d26a117acd20e5c99511e0') in 0.015721 seconds
Number of updated asset objects reloaded before import = 0
Number of asset objects unloaded after import = 2
========================================================================
Received Import Request.
  Time since last request: 0.000017 seconds.
  path: Assets/Imagine/ImageTracker/Demos/Materials/mat-white.mat
  artifactKey: Guid(98f033104cb0a4570a94203f5c9a4870) Importer(2089858483,0ecaa5967403d082aa24f35e1b516d23)
Start importing Assets/Imagine/ImageTracker/Demos/Materials/mat-white.mat using Guid(98f033104cb0a4570a94203f5c9a4870) Importer(2089858483,0ecaa5967403d082aa24f35e1b516d23) Generated GUIDs only implemented for interfaces!
 -> (artifact id: 'a2da840d8898725b26a8c256432bc832') in 0.011617 seconds
Number of updated asset objects reloaded before import = 0
Number of asset objects unloaded after import = 1
========================================================================
Received Import Request.
  Time since last request: 0.000031 seconds.
  path: Assets/WebGLTemplates/iTracker Free/TemplateData/fullscreen-button.png
  artifactKey: Guid(8f51fca2bddae4f9d8807186eb59d872) Importer(2089858483,0ecaa5967403d082aa24f35e1b516d23)
Start importing Assets/WebGLTemplates/iTracker Free/TemplateData/fullscreen-button.png using Guid(8f51fca2bddae4f9d8807186eb59d872) Importer(2089858483,0ecaa5967403d082aa24f35e1b516d23) Generated GUIDs only implemented for interfaces!
 -> (artifact id: '5f0b15b9a88cfe0ad7cd7299c21a2eb4') in 0.009630 seconds
Number of updated asset objects reloaded before import = 0
Number of asset objects unloaded after import = 1
========================================================================
Received Import Request.
  Time since last request: 0.000021 seconds.
  path: Assets/Imagine/ImageTracker/Demos/Materials/mat-black.mat
  artifactKey: Guid(40f4e7610bb2e46b0b7fcf482c4f21a4) Importer(2089858483,0ecaa5967403d082aa24f35e1b516d23)
Start importing Assets/Imagine/ImageTracker/Demos/Materials/mat-black.mat using Guid(40f4e7610bb2e46b0b7fcf482c4f21a4) Importer(2089858483,0ecaa5967403d082aa24f35e1b516d23) Generated GUIDs only implemented for interfaces!
 -> (artifact id: '7eb5ab2a72b885e55f6ba9134656a794') in 0.011238 seconds
Number of updated asset objects reloaded before import = 0
Number of asset objects unloaded after import = 1
========================================================================
Received Import Request.
  Time since last request: 0.000019 seconds.
  path: Assets/Imagine/ImageTracker/Demos/Materials/mat-blue.mat
  artifactKey: Guid(ea34be4dc5ff444a9b342e28555abb22) Importer(2089858483,0ecaa5967403d082aa24f35e1b516d23)
Start importing Assets/Imagine/ImageTracker/Demos/Materials/mat-blue.mat using Guid(ea34be4dc5ff444a9b342e28555abb22) Importer(2089858483,0ecaa5967403d082aa24f35e1b516d23) Generated GUIDs only implemented for interfaces!
 -> (artifact id: 'b4710faf4b3c5ae46471018e4c98e076') in 0.014016 seconds
Number of updated asset objects reloaded before import = 0
Number of asset objects unloaded after import = 1
========================================================================
Received Import Request.
  Time since last request: 0.000037 seconds.
  path: Assets/Imagine/ImageTracker/Imagetargets/Prefabs/rocks.prefab
  artifactKey: Guid(640cbf1ee509b4c9ca36bc7d4ee9e365) Importer(2089858483,0ecaa5967403d082aa24f35e1b516d23)
Start importing Assets/Imagine/ImageTracker/Imagetargets/Prefabs/rocks.prefab using Guid(640cbf1ee509b4c9ca36bc7d4ee9e365) Importer(2089858483,0ecaa5967403d082aa24f35e1b516d23) Generated GUIDs only implemented for interfaces!
 -> (artifact id: '9941c9e6f48e231e3d110fa36b4b4567') in 0.015265 seconds
Number of updated asset objects reloaded before import = 0
Number of asset objects unloaded after import = 7
========================================================================
Received Import Request.
  Time since last request: 0.000017 seconds.
  path: Assets/WebGLTemplates/iTracker Free/app.js
  artifactKey: Guid(e3af7bb31f4c84bc6b69ccb5f4c08e1d) Importer(2089858483,0ecaa5967403d082aa24f35e1b516d23)
Start importing Assets/WebGLTemplates/iTracker Free/app.js using Guid(e3af7bb31f4c84bc6b69ccb5f4c08e1d) Importer(2089858483,0ecaa5967403d082aa24f35e1b516d23) Generated GUIDs only implemented for interfaces!
 -> (artifact id: 'ba5e79d8ec41669804e53d54aa1f3dae') in 0.007333 seconds
Number of updated asset objects reloaded before import = 0
Number of asset objects unloaded after import = 1
========================================================================
Received Import Request.
  Time since last request: 0.000112 seconds.
  path: Assets/Imagine/ImageTracker/Prefabs/Tracker.prefab
  artifactKey: Guid(dc4aab5effaf445d6b87efd42182057c) Importer(2089858483,0ecaa5967403d082aa24f35e1b516d23)
Start importing Assets/Imagine/ImageTracker/Prefabs/Tracker.prefab using Guid(dc4aab5effaf445d6b87efd42182057c) Importer(2089858483,0ecaa5967403d082aa24f35e1b516d23) Generated GUIDs only implemented for interfaces!
 -> (artifact id: '2ffd49337deb6ec822788c03a64c746b') in 0.018757 seconds
Number of updated asset objects reloaded before import = 0
Number of asset objects unloaded after import = 5
========================================================================
Received Import Request.
  Time since last request: 0.000046 seconds.
  path: Assets/WebGLTemplates/iTracker Free/TemplateData/webgl-logo.png
  artifactKey: Guid(d91cef614318845edb7134b08e70ce31) Importer(2089858483,0ecaa5967403d082aa24f35e1b516d23)
Start importing Assets/WebGLTemplates/iTracker Free/TemplateData/webgl-logo.png using Guid(d91cef614318845edb7134b08e70ce31) Importer(2089858483,0ecaa5967403d082aa24f35e1b516d23) Generated GUIDs only implemented for interfaces!
 -> (artifact id: 'f161369b61d2c21a0f0392e7fe0a7a17') in 0.007440 seconds
Number of updated asset objects reloaded before import = 0
Number of asset objects unloaded after import = 1
========================================================================
Received Import Request.
  Time since last request: 0.000043 seconds.
  path: Assets/Imagine/ImageTracker/Demos/Materials/mat-arshadow.mat
  artifactKey: Guid(4ad11ffdec7a44615b9e3fde5c8d64d0) Importer(2089858483,0ecaa5967403d082aa24f35e1b516d23)
Start importing Assets/Imagine/ImageTracker/Demos/Materials/mat-arshadow.mat using Guid(4ad11ffdec7a44615b9e3fde5c8d64d0) Importer(2089858483,0ecaa5967403d082aa24f35e1b516d23) Generated GUIDs only implemented for interfaces!
 -> (artifact id: '87d9b0e4b5046a496e7c24c00c3c7c1c') in 0.033868 seconds
Number of updated asset objects reloaded before import = 0
Number of asset objects unloaded after import = 1
========================================================================
Received Import Request.
  Time since last request: 0.000019 seconds.
  path: Assets/Imagine/ImageTracker/Demos/Materials/mat-yellow.mat
  artifactKey: Guid(2613d3024ebf744cc81baf32f5c40234) Importer(2089858483,0ecaa5967403d082aa24f35e1b516d23)
Start importing Assets/Imagine/ImageTracker/Demos/Materials/mat-yellow.mat using Guid(2613d3024ebf744cc81baf32f5c40234) Importer(2089858483,0ecaa5967403d082aa24f35e1b516d23) Generated GUIDs only implemented for interfaces!
 -> (artifact id: '539f5dd8c4daf91a337d1894b7ccd6ef') in 0.013116 seconds
Number of updated asset objects reloaded before import = 0
Number of asset objects unloaded after import = 1
========================================================================
Received Import Request.
  Time since last request: 0.000028 seconds.
  path: Assets/Imagine/ImageTracker/Plugins/ImageTracker.jslib
  artifactKey: Guid(3ce3a5dda1a094bd6a7a9e121239b694) Importer(2089858483,0ecaa5967403d082aa24f35e1b516d23)
Start importing Assets/Imagine/ImageTracker/Plugins/ImageTracker.jslib using Guid(3ce3a5dda1a094bd6a7a9e121239b694) Importer(2089858483,0ecaa5967403d082aa24f35e1b516d23) Generated GUIDs only implemented for interfaces!
 -> (artifact id: 'e1fbadb811e88fbfdb3dc75a302ef91a') in 0.009666 seconds
Number of updated asset objects reloaded before import = 0
Number of asset objects unloaded after import = 1
========================================================================
Received Import Request.
  Time since last request: 0.000075 seconds.
  path: Assets/Imagine/ImageTracker/Scripts/Editor/ImageTrackerGlobalSettingsEditor.cs
  artifactKey: Guid(8d930114919854014b1af18a05400dd5) Importer(2089858483,0ecaa5967403d082aa24f35e1b516d23)
Start importing Assets/Imagine/ImageTracker/Scripts/Editor/ImageTrackerGlobalSettingsEditor.cs using Guid(8d930114919854014b1af18a05400dd5) Importer(2089858483,0ecaa5967403d082aa24f35e1b516d23) Generated GUIDs only implemented for interfaces!
 -> (artifact id: 'e314972f2b0e8dbf649fa9d524a2cbc1') in 0.009136 seconds
Number of updated asset objects reloaded before import = 0
Number of asset objects unloaded after import = 1
========================================================================
Received Import Request.
  Time since last request: 0.000107 seconds.
  path: Assets/Imagine/ImageTracker/Demos/Shaders/ARShadow URP.shader
  artifactKey: Guid(1f9818eba2a7f418881c7d5348b94dd3) Importer(2089858483,0ecaa5967403d082aa24f35e1b516d23)
Start importing Assets/Imagine/ImageTracker/Demos/Shaders/ARShadow URP.shader using Guid(1f9818eba2a7f418881c7d5348b94dd3) Importer(2089858483,0ecaa5967403d082aa24f35e1b516d23) Generated GUIDs only implemented for interfaces!
 -> (artifact id: '4fdd616a0bd4ff49f96270d7bf96c036') in 0.015724 seconds
Number of updated asset objects reloaded before import = 0
Number of asset objects unloaded after import = 1
========================================================================
Received Import Request.
  Time since last request: 0.000041 seconds.
  path: Assets/WebGLTemplates/iTracker Free/targets/rocks.dat
  artifactKey: Guid(7f0b5909045a840c0a77496e3714031c) Importer(2089858483,0ecaa5967403d082aa24f35e1b516d23)
Start importing Assets/WebGLTemplates/iTracker Free/targets/rocks.dat using Guid(7f0b5909045a840c0a77496e3714031c) Importer(2089858483,0ecaa5967403d082aa24f35e1b516d23) Generated GUIDs only implemented for interfaces!
 -> (artifact id: '4025af618d9f0c1397841fe683c1ef1a') in 0.007078 seconds
Number of updated asset objects reloaded before import = 0
Number of asset objects unloaded after import = 1
========================================================================
Received Import Request.
  Time since last request: 0.000132 seconds.
  path: Assets/Imagine/ImageTracker/Resources/ImageTrackerGlobalSettings.asset
  artifactKey: Guid(0fd715d905f4f4837acc297af82b90d7) Importer(2089858483,0ecaa5967403d082aa24f35e1b516d23)
Start importing Assets/Imagine/ImageTracker/Resources/ImageTrackerGlobalSettings.asset using Guid(0fd715d905f4f4837acc297af82b90d7) Importer(2089858483,0ecaa5967403d082aa24f35e1b516d23) Generated GUIDs only implemented for interfaces!
 -> (artifact id: '25bb15ba14d204b56eadbcb64369709c') in 0.014515 seconds
Number of updated asset objects reloaded before import = 0
Number of asset objects unloaded after import = 5
========================================================================
Received Import Request.
  Time since last request: 0.000017 seconds.
  path: Assets/Imagine/ImageTracker/Demos/Textures/ladybug-uv.png
  artifactKey: Guid(b3a16ced28a42433a8f6e699d4537440) Importer(2089858483,0ecaa5967403d082aa24f35e1b516d23)
Start importing Assets/Imagine/ImageTracker/Demos/Textures/ladybug-uv.png using Guid(b3a16ced28a42433a8f6e699d4537440) Importer(2089858483,0ecaa5967403d082aa24f35e1b516d23) Generated GUIDs only implemented for interfaces!
 -> (artifact id: '5310751abe7a549a99db509cfcd33f89') in 0.020980 seconds
Number of updated asset objects reloaded before import = 0
Number of asset objects unloaded after import = 1
========================================================================
Received Import Request.
  Time since last request: 0.000019 seconds.
  path: Assets/Imagine/ImageTracker/Demos/Shaders/ARShadow.shader
  artifactKey: Guid(c241c8ae802fc4643bd99b4cc04b24ae) Importer(2089858483,0ecaa5967403d082aa24f35e1b516d23)
Start importing Assets/Imagine/ImageTracker/Demos/Shaders/ARShadow.shader using Guid(c241c8ae802fc4643bd99b4cc04b24ae) Importer(2089858483,0ecaa5967403d082aa24f35e1b516d23) Generated GUIDs only implemented for interfaces!
 -> (artifact id: '2985187aae4d29fb4e4b7fef452d1f08') in 0.013860 seconds
Number of updated asset objects reloaded before import = 0
Number of asset objects unloaded after import = 1
========================================================================
Received Import Request.
  Time since last request: 0.000022 seconds.
  path: Assets/Imagine/ImageTracker/Demos/Materials/mat-video2.mat
  artifactKey: Guid(265fa338aaacd41758d848302bf18aca) Importer(2089858483,0ecaa5967403d082aa24f35e1b516d23)
Start importing Assets/Imagine/ImageTracker/Demos/Materials/mat-video2.mat using Guid(265fa338aaacd41758d848302bf18aca) Importer(2089858483,0ecaa5967403d082aa24f35e1b516d23) Generated GUIDs only implemented for interfaces!
 -> (artifact id: '797602d54cdbd5202766f363f1a441fa') in 0.010504 seconds
Number of updated asset objects reloaded before import = 0
Number of asset objects unloaded after import = 1
========================================================================
Received Import Request.
  Time since last request: 0.000016 seconds.
  path: Assets/Imagine/ImageTracker/Imagetargets/Materials/rocks Material.mat
  artifactKey: Guid(6e74a77a1a3b74c6dac45638c5f51f16) Importer(2089858483,0ecaa5967403d082aa24f35e1b516d23)
Start importing Assets/Imagine/ImageTracker/Imagetargets/Materials/rocks Material.mat using Guid(6e74a77a1a3b74c6dac45638c5f51f16) Importer(2089858483,0ecaa5967403d082aa24f35e1b516d23) Generated GUIDs only implemented for interfaces!
 -> (artifact id: 'c2eeb48a88039035f3268a5b643833a9') in 0.011898 seconds
Number of updated asset objects reloaded before import = 0
Number of asset objects unloaded after import = 2
========================================================================
Received Import Request.
  Time since last request: 0.000018 seconds.
  path: Assets/Imagine/ImageTracker/Demos/Scripts/DemoFPSCounter.cs
  artifactKey: Guid(e50aef7634eeb4a3d8bb14e752e7b4cb) Importer(2089858483,0ecaa5967403d082aa24f35e1b516d23)
Start importing Assets/Imagine/ImageTracker/Demos/Scripts/DemoFPSCounter.cs using Guid(e50aef7634eeb4a3d8bb14e752e7b4cb) Importer(2089858483,0ecaa5967403d082aa24f35e1b516d23) Generated GUIDs only implemented for interfaces!
 -> (artifact id: '30452e6c807c8634351124b4c0c0c81d') in 0.008815 seconds
Number of updated asset objects reloaded before import = 0
Number of asset objects unloaded after import = 1
========================================================================
Received Import Request.
  Time since last request: 0.000015 seconds.
  path: Assets/Imagine/ImageTracker/Demos/Animations/Bfly.controller
  artifactKey: Guid(4aff2e9403f7b4ecd9a1b04022fcd490) Importer(2089858483,0ecaa5967403d082aa24f35e1b516d23)
Start importing Assets/Imagine/ImageTracker/Demos/Animations/Bfly.controller using Guid(4aff2e9403f7b4ecd9a1b04022fcd490) Importer(2089858483,0ecaa5967403d082aa24f35e1b516d23) Generated GUIDs only implemented for interfaces!
 -> (artifact id: 'f3f42bd42eac18a069a8a3291d3bf8e9') in 0.009314 seconds
Number of updated asset objects reloaded before import = 0
Number of asset objects unloaded after import = 4
========================================================================
Received Import Request.
  Time since last request: 0.000016 seconds.
  path: Assets/Imagine/ImageTracker/Scripts/Editor/ImageWebARMenu.cs
  artifactKey: Guid(a6b66748c5162411186673a0f43637eb) Importer(2089858483,0ecaa5967403d082aa24f35e1b516d23)
Start importing Assets/Imagine/ImageTracker/Scripts/Editor/ImageWebARMenu.cs using Guid(a6b66748c5162411186673a0f43637eb) Importer(2089858483,0ecaa5967403d082aa24f35e1b516d23) Generated GUIDs only implemented for interfaces!
 -> (artifact id: '70111a9c61291db53034f18b8f58b5f2') in 0.011633 seconds
Number of updated asset objects reloaded before import = 0
Number of asset objects unloaded after import = 1
========================================================================
Received Import Request.
  Time since last request: 0.000031 seconds.
  path: Assets/Imagine/ImageTracker/Imagetargets/Textures/nebula.png
  artifactKey: Guid(317b58a56264f425ebb12da8f82c0a94) Importer(2089858483,0ecaa5967403d082aa24f35e1b516d23)
Start importing Assets/Imagine/ImageTracker/Imagetargets/Textures/nebula.png using Guid(317b58a56264f425ebb12da8f82c0a94) Importer(2089858483,0ecaa5967403d082aa24f35e1b516d23) Generated GUIDs only implemented for interfaces!
 -> (artifact id: '8aacffd241d9aca78b76cce28fcb32b0') in 0.025060 seconds
Number of updated asset objects reloaded before import = 0
Number of asset objects unloaded after import = 3
========================================================================
Received Prepare
Refreshing native plugins compatible for Editor in 3.76 ms, found 3 plugins.
Preloading 0 native plugins for Editor in 0.00 ms.
Unloading 1 Unused Serialized files (Serialized files now loaded: 0)
Unloading 2 unused Assets / (22.1 KB). Loaded Objects now: 3557.
Memory consumption went from 76.3 MB to 76.3 MB.
Total: 6.962200 ms (FindLiveObjects: 0.601400 ms CreateObjectMapping: 0.444600 ms MarkObjects: 5.806700 ms  DeleteObjects: 0.107600 ms)

Prepare: number of updated asset objects reloaded= 0
AssetImportParameters requested are different than current active one (requested -> active):
  custom:container-demuxer-ogg: 62fdf1f143b41e24485cea50d1cbac27 -> 
  custom:video-codec-MediaFoundation-h265: 746d11721c4dcdbdad8f713fa42b33f4 -> 
  custom:video-decoder-ogg-theora: a1e56fd34408186e4bbccfd4996cb3dc -> 
  custom:framework-win-MediaFoundation: 216162199b28c13a410421893ffa2e32 -> 
  custom:CustomObjectIndexerAttribute: 756ad292c208cfabdd7b50bc23989ffe -> 
  custom:container-demuxer-webm: 4f35f7cbe854078d1ac9338744f61a02 -> 
  custom:container-muxer-webm: aa71ff27fc2769a1b78a27578f13a17b -> 
  custom:video-decoder-webm-vp8: 9c59270c3fd7afecdb556c50c9e8de78 -> 
  custom:SearchIndexIgnoredProperties: e643bd26f0fe6173181afceb89e7c659 -> 
  custom:AudioImporter_EditorPlatform: d09bf68614088b80899f8185d706f6e7 -> 
  custom:video-encoder-webm-vp8: eb34c28f22e8b96e1ab97ce403110664 -> 
  custom:audio-decoder-ogg-vorbis: bf7c407c2cedff20999df2af8eb42d56 -> 
  custom:audio-encoder-webm-vorbis: bf7c407c2cedff20999df2af8eb42d56 -> 
Editor requested this worker to shutdown with reason: Scaling down because of idle timeout
TcpMessagingSession - receive error: operation aborted. errorcode: 995, details: 스레드 종료 또는 응용 프로그램 요청 때문에 I/O 작업이 취소되었습니다.
AssetImportWorker is now disconnected from the server
Process exiting
Exiting without the bug reporter. Application will terminate with return code 0